<?xml version="1.0" encoding="UTF-8"?>
<testsuite name="com.permissionx.guolindev.ExampleUnitTest" tests="1" skipped="0" failures="0" errors="0" timestamp="2019-11-07T12:37:34" hostname="guolindeMacBook-Pro.local" time="0.001">
  <properties/>
  <testcase name="addition_isCorrect" classname="com.permissionx.guolindev.ExampleUnitTest" time="0.001"/>
  <system-out><![CDATA[]]></system-out>
  <system-err><![CDATA[]]></system-err>
</testsuite>
